Using pre-set license
Built from '2020.3/staging' branch; Version is '2020.3.5f1 (8095aa901b9b) revision 8426922'; Using compiler version '192528614'; Build Type 'Release'
OS: 'Windows 10 Home; OS build 19043.1288; Version 2009; 64bit' Language: 'en' Physical Memory: 32682 MB
BatchMode: 1, IsHumanControllingUs: 0, StartBugReporterOnCrash: 0, Is64bit: 1, IsPro: 0

 COMMAND LINE ARGUMENTS:
C:\Program Files\Unity\Hub\Editor\2020.3.5f1\Editor\Unity.exe
-adb2
-batchMode
-noUpm
-name
AssetImportWorker0
-projectPath
C:/Users/lfanl/Documents/unity/1003
-logFile
Logs/AssetImportWorker0.log
-srvPort
57937
Successfully changed project path to: C:/Users/lfanl/Documents/unity/1003
C:/Users/lfanl/Documents/unity/1003
Using Asset Import Pipeline V2.
Refreshing native plugins compatible for Editor in 19.20 ms, found 0 plugins.
Preloading 0 native plugins for Editor in 0.00 ms.
Initialize engine version: 2020.3.5f1 (8095aa901b9b)
[Subsystems] Discovering subsystems at path C:/Program Files/Unity/Hub/Editor/2020.3.5f1/Editor/Data/Resources/UnitySubsystems
[Subsystems] Discovering subsystems at path C:/Users/lfanl/Documents/unity/1003/Assets
GfxDevice: creating device client; threaded=0
Direct3D:
    Version:  Direct3D 11.0 [level 11.1]
    Renderer: NVIDIA GeForce GTX 1660 SUPER (ID=0x21c4)
    Vendor:   
    VRAM:     5991 MB
    Driver:   27.21.14.5751
Initialize mono
Mono path[0] = 'C:/Program Files/Unity/Hub/Editor/2020.3.5f1/Editor/Data/Managed'
Mono path[1] = 'C:/Program Files/Unity/Hub/Editor/2020.3.5f1/Editor/Data/MonoBleedingEdge/lib/mono/unityjit'
Mono config path = 'C:/Program Files/Unity/Hub/Editor/2020.3.5f1/Editor/Data/MonoBleedingEdge/etc'
Using monoOptions --debugger-agent=transport=dt_socket,embedding=1,server=y,suspend=n,address=127.0.0.1:56756
Begin MonoManager ReloadAssembly
Registering precompiled unity dll's ...
Register platform support module: C:/Program Files/Unity/Hub/Editor/2020.3.5f1/Editor/Data/PlaybackEngines/WebGLSupport/UnityEditor.WebGL.Extensions.dll
Register platform support module: C:/Program Files/Unity/Hub/Editor/2020.3.5f1/Editor/Data/PlaybackEngines/WindowsStandaloneSupport/UnityEditor.WindowsStandalone.Extensions.dll
Registered in 0.001953 seconds.
Native extension for WindowsStandalone target not found
Native extension for WebGL target not found
Refreshing native plugins compatible for Editor in 23.60 ms, found 0 plugins.
Preloading 0 native plugins for Editor in 0.00 ms.
Mono: successfully reloaded assembly
- Completed reload, in  1.019 seconds
Platform modules already initialized, skipping
Registering precompiled user dll's ...
Registered in 0.000473 seconds.
Begin MonoManager ReloadAssembly
Native extension for WindowsStandalone target not found
Native extension for WebGL target not found
Refreshing native plugins compatible for Editor in 0.24 ms, found 0 plugins.
Preloading 0 native plugins for Editor in 0.00 ms.
Mono: successfully reloaded assembly
- Completed reload, in  0.671 seconds
Platform modules already initialized, skipping
========================================================================
Worker process is ready to serve import requests
Launched and connected shader compiler UnityShaderCompiler.exe after 0.03 seconds
Refreshing native plugins compatible for Editor in 0.26 ms, found 0 plugins.
Preloading 0 native plugins for Editor in 0.00 ms.
Unloading 1124 Unused Serialized files (Serialized files now loaded: 0)
System memory in use before: 63.1 MB.
System memory in use after: 63.1 MB.

Unloading 11 unused Assets to reduce memory usage. Loaded Objects now: 1570.
Total: 1.633100 ms (FindLiveObjects: 0.150400 ms CreateObjectMapping: 0.031100 ms MarkObjects: 1.369200 ms  DeleteObjects: 0.081500 ms)

========================================================================
Received Import Request.
  path: Assets/Resources/test.mat
  artifactKey: Guid(171febf5dd6dcfb43971696164138858) Importer(815301076,1909f56bfc062723c751e8b465ee728b)
Start importing Assets/Resources/test.mat using Guid(171febf5dd6dcfb43971696164138858) Importer(815301076,1909f56bfc062723c751e8b465ee728b)  -> (artifact id: '6c31c260cfff6687b6b71d1097c611c0') in 0.093394 seconds
  Import took 0.095208 seconds .

========================================================================
Received Import Request.
  Time since last request: 0.000215 seconds.
  path: Assets/Resources/Mat.mat
  artifactKey: Guid(35020b9fe23345f418241a8017980fcc) Importer(815301076,1909f56bfc062723c751e8b465ee728b)
Start importing Assets/Resources/Mat.mat using Guid(35020b9fe23345f418241a8017980fcc) Importer(815301076,1909f56bfc062723c751e8b465ee728b)  -> (artifact id: '5961511091a68026712b9344ea5dbf01') in 0.016194 seconds
  Import took 0.018044 seconds .

========================================================================
Received Import Request.
  Time since last request: 0.002619 seconds.
  path: Assets/Resources/Mat.mat
  artifactKey: Guid(35020b9fe23345f418241a8017980fcc) Importer(815301076,1909f56bfc062723c751e8b465ee728b)
Start importing Assets/Resources/Mat.mat using Guid(35020b9fe23345f418241a8017980fcc) Importer(815301076,1909f56bfc062723c751e8b465ee728b)  -> (artifact id: '5961511091a68026712b9344ea5dbf01') in 0.005644 seconds
  Import took 0.007482 seconds .

========================================================================
Received Import Request.
  Time since last request: 14.317890 seconds.
  path: Assets/Scripts/StartController.cs
  artifactKey: Guid(f0bf0bb3e68b92147bace0fffa9ab44d) Importer(815301076,1909f56bfc062723c751e8b465ee728b)
Start importing Assets/Scripts/StartController.cs using Guid(f0bf0bb3e68b92147bace0fffa9ab44d) Importer(815301076,1909f56bfc062723c751e8b465ee728b)  -> (artifact id: '00e2e4727d9e88f2fbc99687d6e59379') in 0.021698 seconds
  Import took 0.023736 seconds .

========================================================================
Received Import Request.
  Time since last request: 0.007800 seconds.
  path: Assets/Scripts/StartController.cs
  artifactKey: Guid(f0bf0bb3e68b92147bace0fffa9ab44d) Importer(815301076,1909f56bfc062723c751e8b465ee728b)
Start importing Assets/Scripts/StartController.cs using Guid(f0bf0bb3e68b92147bace0fffa9ab44d) Importer(815301076,1909f56bfc062723c751e8b465ee728b)  -> (artifact id: '00e2e4727d9e88f2fbc99687d6e59379') in 0.001819 seconds
  Import took 0.003092 seconds .

========================================================================
Received Prepare
Registering precompiled user dll's ...
Registered in 0.041544 seconds.
Begin MonoManager ReloadAssembly
Native extension for WindowsStandalone target not found
Native extension for WebGL target not found
Refreshing native plugins compatible for Editor in 0.29 ms, found 0 plugins.
Preloading 0 native plugins for Editor in 0.00 ms.
Mono: successfully reloaded assembly
- Completed reload, in  1.594 seconds
Platform modules already initialized, skipping
Refreshing native plugins compatible for Editor in 0.26 ms, found 0 plugins.
Preloading 0 native plugins for Editor in 0.00 ms.
Unloading 1116 Unused Serialized files (Serialized files now loaded: 0)
System memory in use before: 66.0 MB.
System memory in use after: 66.1 MB.

Unloading 6 unused Assets to reduce memory usage. Loaded Objects now: 1613.
Total: 1.802400 ms (FindLiveObjects: 0.205900 ms CreateObjectMapping: 0.027300 ms MarkObjects: 1.489500 ms  DeleteObjects: 0.077300 ms)

========================================================================
Received Prepare
Registering precompiled user dll's ...
Registered in 0.000696 seconds.
Begin MonoManager ReloadAssembly
Native extension for WindowsStandalone target not found
Native extension for WebGL target not found
Refreshing native plugins compatible for Editor in 0.27 ms, found 0 plugins.
Preloading 0 native plugins for Editor in 0.00 ms.
Mono: successfully reloaded assembly
- Completed reload, in  0.817 seconds
Platform modules already initialized, skipping
Refreshing native plugins compatible for Editor in 0.51 ms, found 0 plugins.
Preloading 0 native plugins for Editor in 0.00 ms.
Unloading 1116 Unused Serialized files (Serialized files now loaded: 0)
System memory in use before: 66.1 MB.
System memory in use after: 66.1 MB.

Unloading 6 unused Assets to reduce memory usage. Loaded Objects now: 1616.
Total: 2.665300 ms (FindLiveObjects: 0.230500 ms CreateObjectMapping: 0.041600 ms MarkObjects: 2.321400 ms  DeleteObjects: 0.070000 ms)

========================================================================
Received Import Request.
  Time since last request: 445730.649453 seconds.
  path: Assets/Scripts/DistanceTest.shader
  artifactKey: Guid(ce493f1a152f0f541992cd44def44531) Importer(815301076,1909f56bfc062723c751e8b465ee728b)
Start importing Assets/Scripts/DistanceTest.shader using Guid(ce493f1a152f0f541992cd44def44531) Importer(815301076,1909f56bfc062723c751e8b465ee728b)  -> (artifact id: '5e447783729c9499f5e1614e1233d656') in 0.021365 seconds
  Import took 0.023521 seconds .

AssetImportWorkerClient::OnTransportError - code=2 error=End of file
