Using pre-set license
Built from '2020.3/staging' branch; Version is '2020.3.5f1 (8095aa901b9b) revision 8426922'; Using compiler version '192528614'; Build Type 'Release'
OS: 'Windows 10 Home; OS build 19043.1237; Version 2009; 64bit' Language: 'en' Physical Memory: 32682 MB
BatchMode: 1, IsHumanControllingUs: 0, StartBugReporterOnCrash: 0, Is64bit: 1, IsPro: 0

 COMMAND LINE ARGUMENTS:
C:\Program Files\Unity\Hub\Editor\2020.3.5f1\Editor\Unity.exe
-adb2
-batchMode
-noUpm
-name
AssetImportWorker0
-projectPath
C:/Users/lfanl/Documents/unity/1003
-logFile
Logs/AssetImportWorker0.log
-srvPort
57906
Successfully changed project path to: C:/Users/lfanl/Documents/unity/1003
C:/Users/lfanl/Documents/unity/1003
Using Asset Import Pipeline V2.
Refreshing native plugins compatible for Editor in 18.92 ms, found 0 plugins.
Preloading 0 native plugins for Editor in 0.00 ms.
Initialize engine version: 2020.3.5f1 (8095aa901b9b)
[Subsystems] Discovering subsystems at path C:/Program Files/Unity/Hub/Editor/2020.3.5f1/Editor/Data/Resources/UnitySubsystems
[Subsystems] Discovering subsystems at path C:/Users/lfanl/Documents/unity/1003/Assets
GfxDevice: creating device client; threaded=0
Direct3D:
    Version:  Direct3D 11.0 [level 11.1]
    Renderer: NVIDIA GeForce GTX 1660 SUPER (ID=0x21c4)
    Vendor:   
    VRAM:     5991 MB
    Driver:   27.21.14.5751
Initialize mono
Mono path[0] = 'C:/Program Files/Unity/Hub/Editor/2020.3.5f1/Editor/Data/Managed'
Mono path[1] = 'C:/Program Files/Unity/Hub/Editor/2020.3.5f1/Editor/Data/MonoBleedingEdge/lib/mono/unityjit'
Mono config path = 'C:/Program Files/Unity/Hub/Editor/2020.3.5f1/Editor/Data/MonoBleedingEdge/etc'
Using monoOptions --debugger-agent=transport=dt_socket,embedding=1,server=y,suspend=n,address=127.0.0.1:56564
Begin MonoManager ReloadAssembly
Registering precompiled unity dll's ...
Register platform support module: C:/Program Files/Unity/Hub/Editor/2020.3.5f1/Editor/Data/PlaybackEngines/WebGLSupport/UnityEditor.WebGL.Extensions.dll
Register platform support module: C:/Program Files/Unity/Hub/Editor/2020.3.5f1/Editor/Data/PlaybackEngines/WindowsStandaloneSupport/UnityEditor.WindowsStandalone.Extensions.dll
Registered in 0.001983 seconds.
Native extension for WindowsStandalone target not found
Native extension for WebGL target not found
Refreshing native plugins compatible for Editor in 19.56 ms, found 0 plugins.
Preloading 0 native plugins for Editor in 0.00 ms.
Mono: successfully reloaded assembly
- Completed reload, in  1.026 seconds
Platform modules already initialized, skipping
Registering precompiled user dll's ...
Registered in 0.000676 seconds.
Begin MonoManager ReloadAssembly
Native extension for WindowsStandalone target not found
Native extension for WebGL target not found
Refreshing native plugins compatible for Editor in 0.36 ms, found 0 plugins.
Preloading 0 native plugins for Editor in 0.00 ms.
Mono: successfully reloaded assembly
- Completed reload, in  0.674 seconds
Platform modules already initialized, skipping
========================================================================
Worker process is ready to serve import requests
Launched and connected shader compiler UnityShaderCompiler.exe after 0.03 seconds
Refreshing native plugins compatible for Editor in 0.24 ms, found 0 plugins.
Preloading 0 native plugins for Editor in 0.00 ms.
Unloading 1118 Unused Serialized files (Serialized files now loaded: 0)
System memory in use before: 57.3 MB.
System memory in use after: 57.4 MB.

Unloading 11 unused Assets to reduce memory usage. Loaded Objects now: 1559.
Total: 1.864800 ms (FindLiveObjects: 0.171700 ms CreateObjectMapping: 0.026500 ms MarkObjects: 1.584200 ms  DeleteObjects: 0.081500 ms)

========================================================================
Received Import Request.
  path: Assets/NewSurfaceShader.shader
  artifactKey: Guid(8594f4fe97f1a2d46a6f49af3042e57a) Importer(815301076,1909f56bfc062723c751e8b465ee728b)
Start importing Assets/NewSurfaceShader.shader using Guid(8594f4fe97f1a2d46a6f49af3042e57a) Importer(815301076,1909f56bfc062723c751e8b465ee728b)  -> (artifact id: '8078525cd4a8bcfce0120e67e3e9c655') in 0.030385 seconds
  Import took 0.032436 seconds .

========================================================================
Received Import Request.
  Time since last request: 42.618671 seconds.
  path: Assets/NewSurfaceShader.shader
  artifactKey: Guid(8594f4fe97f1a2d46a6f49af3042e57a) Importer(815301076,1909f56bfc062723c751e8b465ee728b)
Start importing Assets/NewSurfaceShader.shader using Guid(8594f4fe97f1a2d46a6f49af3042e57a) Importer(815301076,1909f56bfc062723c751e8b465ee728b)  -> (artifact id: 'c364d0c10cae10bd21753d31a737b06d') in 0.003675 seconds
  Import took 0.005858 seconds .

========================================================================
Received Import Request.
  Time since last request: 0.026920 seconds.
  path: Assets/NewSurfaceShader.shader
  artifactKey: Guid(8594f4fe97f1a2d46a6f49af3042e57a) Importer(815301076,1909f56bfc062723c751e8b465ee728b)
Start importing Assets/NewSurfaceShader.shader using Guid(8594f4fe97f1a2d46a6f49af3042e57a) Importer(815301076,1909f56bfc062723c751e8b465ee728b)  -> (artifact id: 'c364d0c10cae10bd21753d31a737b06d') in 0.003516 seconds
  Import took 0.005511 seconds .

========================================================================
Received Import Request.
  Time since last request: 85.815379 seconds.
  path: Assets/NewSurfaceShader.shader
  artifactKey: Guid(8594f4fe97f1a2d46a6f49af3042e57a) Importer(815301076,1909f56bfc062723c751e8b465ee728b)
Start importing Assets/NewSurfaceShader.shader using Guid(8594f4fe97f1a2d46a6f49af3042e57a) Importer(815301076,1909f56bfc062723c751e8b465ee728b)  -> (artifact id: '8269514f93729da354d693d902d1865f') in 0.003586 seconds
  Import took 0.005758 seconds .

========================================================================
Received Import Request.
  Time since last request: 140.291985 seconds.
  path: Assets/test.shader
  artifactKey: Guid(a7351545e8e2b8249ab0c697c45d8c3a) Importer(815301076,1909f56bfc062723c751e8b465ee728b)
Start importing Assets/test.shader using Guid(a7351545e8e2b8249ab0c697c45d8c3a) Importer(815301076,1909f56bfc062723c751e8b465ee728b)  -> (artifact id: '4e93314d44b7d1cd84dc40d719c32c3f') in 0.008812 seconds
  Import took 0.011429 seconds .

========================================================================
Received Import Request.
  Time since last request: 212.349655 seconds.
  path: Assets/test.shader
  artifactKey: Guid(a7351545e8e2b8249ab0c697c45d8c3a) Importer(815301076,1909f56bfc062723c751e8b465ee728b)
Start importing Assets/test.shader using Guid(a7351545e8e2b8249ab0c697c45d8c3a) Importer(815301076,1909f56bfc062723c751e8b465ee728b)  -> (artifact id: '1ad34286f632c7c0698deed47bd541cf') in 0.003655 seconds
  Import took 0.005552 seconds .

========================================================================
Received Import Request.
  Time since last request: 77.553398 seconds.
  path: Assets/test.shader
  artifactKey: Guid(a7351545e8e2b8249ab0c697c45d8c3a) Importer(815301076,1909f56bfc062723c751e8b465ee728b)
Start importing Assets/test.shader using Guid(a7351545e8e2b8249ab0c697c45d8c3a) Importer(815301076,1909f56bfc062723c751e8b465ee728b)  -> (artifact id: '3049ed525585a53c8149eb6f2e6e1746') in 0.003380 seconds
  Import took 0.005287 seconds .

========================================================================
Received Import Request.
  Time since last request: 0.021846 seconds.
  path: Assets/test.shader
  artifactKey: Guid(a7351545e8e2b8249ab0c697c45d8c3a) Importer(815301076,1909f56bfc062723c751e8b465ee728b)
Start importing Assets/test.shader using Guid(a7351545e8e2b8249ab0c697c45d8c3a) Importer(815301076,1909f56bfc062723c751e8b465ee728b)  -> (artifact id: '3049ed525585a53c8149eb6f2e6e1746') in 0.003702 seconds
  Import took 0.005655 seconds .

========================================================================
Received Import Request.
  Time since last request: 63.657654 seconds.
  path: Assets/Mat.mat
  artifactKey: Guid(35020b9fe23345f418241a8017980fcc) Importer(815301076,1909f56bfc062723c751e8b465ee728b)
Start importing Assets/Mat.mat using Guid(35020b9fe23345f418241a8017980fcc) Importer(815301076,1909f56bfc062723c751e8b465ee728b)  -> (artifact id: '1fa948da7bfb79b72e9100327807a6d2') in 0.071483 seconds
  Import took 0.073507 seconds .

========================================================================
Received Prepare
Registering precompiled user dll's ...
Registered in 0.000459 seconds.
Begin MonoManager ReloadAssembly
Native extension for WindowsStandalone target not found
Native extension for WebGL target not found
Refreshing native plugins compatible for Editor in 0.24 ms, found 0 plugins.
Preloading 0 native plugins for Editor in 0.00 ms.
Mono: successfully reloaded assembly
- Completed reload, in  0.635 seconds
Platform modules already initialized, skipping
Refreshing native plugins compatible for Editor in 0.24 ms, found 0 plugins.
Preloading 0 native plugins for Editor in 0.00 ms.
Unloading 1114 Unused Serialized files (Serialized files now loaded: 0)
System memory in use before: 61.2 MB.
System memory in use after: 61.0 MB.

Unloading 7 unused Assets to reduce memory usage. Loaded Objects now: 1603.
Total: 1.828100 ms (FindLiveObjects: 0.182800 ms CreateObjectMapping: 0.025300 ms MarkObjects: 1.451400 ms  DeleteObjects: 0.167900 ms)

========================================================================
Received Import Request.
  Time since last request: 336.442341 seconds.
  path: Assets/test.shader
  artifactKey: Guid(a7351545e8e2b8249ab0c697c45d8c3a) Importer(815301076,1909f56bfc062723c751e8b465ee728b)
Start importing Assets/test.shader using Guid(a7351545e8e2b8249ab0c697c45d8c3a) Importer(815301076,1909f56bfc062723c751e8b465ee728b)  -> (artifact id: '95d94cef4b446f88d024af9c2b0392f9') in 0.012990 seconds
  Import took 0.015094 seconds .

========================================================================
Received Prepare
Registering precompiled user dll's ...
Registered in 0.001182 seconds.
Begin MonoManager ReloadAssembly
Native extension for WindowsStandalone target not found
Native extension for WebGL target not found
Refreshing native plugins compatible for Editor in 0.27 ms, found 0 plugins.
Preloading 0 native plugins for Editor in 0.00 ms.
Mono: successfully reloaded assembly
- Completed reload, in  0.686 seconds
Platform modules already initialized, skipping
Refreshing native plugins compatible for Editor in 0.49 ms, found 0 plugins.
Preloading 0 native plugins for Editor in 0.00 ms.
Unloading 1114 Unused Serialized files (Serialized files now loaded: 0)
System memory in use before: 61.2 MB.
System memory in use after: 61.0 MB.

Unloading 7 unused Assets to reduce memory usage. Loaded Objects now: 1606.
Total: 1.934600 ms (FindLiveObjects: 0.184000 ms CreateObjectMapping: 0.028900 ms MarkObjects: 1.516800 ms  DeleteObjects: 0.203800 ms)

========================================================================
Received Import Request.
  Time since last request: 2373.938859 seconds.
  path: Assets/test.shader
  artifactKey: Guid(a7351545e8e2b8249ab0c697c45d8c3a) Importer(815301076,1909f56bfc062723c751e8b465ee728b)
Start importing Assets/test.shader using Guid(a7351545e8e2b8249ab0c697c45d8c3a) Importer(815301076,1909f56bfc062723c751e8b465ee728b)  -> (artifact id: '2f979a8904ea60bf440c3dab4972b481') in 0.019706 seconds
  Import took 0.022422 seconds .

========================================================================
Received Import Request.
  Time since last request: 0.006261 seconds.
  path: Assets/test.shader
  artifactKey: Guid(a7351545e8e2b8249ab0c697c45d8c3a) Importer(815301076,1909f56bfc062723c751e8b465ee728b)
Start importing Assets/test.shader using Guid(a7351545e8e2b8249ab0c697c45d8c3a) Importer(815301076,1909f56bfc062723c751e8b465ee728b)  -> (artifact id: '2f979a8904ea60bf440c3dab4972b481') in 0.004049 seconds
  Import took 0.005990 seconds .

========================================================================
Received Import Request.
  Time since last request: 97685.502237 seconds.
  path: Assets/test.shader
  artifactKey: Guid(a7351545e8e2b8249ab0c697c45d8c3a) Importer(815301076,1909f56bfc062723c751e8b465ee728b)
Start importing Assets/test.shader using Guid(a7351545e8e2b8249ab0c697c45d8c3a) Importer(815301076,1909f56bfc062723c751e8b465ee728b)  -> (artifact id: 'a662f49fb01bb91e931664474c7907e4') in 0.008279 seconds
  Import took 0.010730 seconds .

========================================================================
Received Import Request.
  Time since last request: 10184.703424 seconds.
  path: Assets/DistanceTest.shader
  artifactKey: Guid(ce493f1a152f0f541992cd44def44531) Importer(815301076,1909f56bfc062723c751e8b465ee728b)
Start importing Assets/DistanceTest.shader using Guid(ce493f1a152f0f541992cd44def44531) Importer(815301076,1909f56bfc062723c751e8b465ee728b)  -> (artifact id: '0b5c56a9b1b2969031f8e29b01560290') in 0.006915 seconds
  Import took 0.009162 seconds .

========================================================================
Received Prepare
Registering precompiled user dll's ...
Registered in 0.000579 seconds.
Begin MonoManager ReloadAssembly
Native extension for WindowsStandalone target not found
Native extension for WebGL target not found
Refreshing native plugins compatible for Editor in 0.24 ms, found 0 plugins.
Preloading 0 native plugins for Editor in 0.00 ms.
Mono: successfully reloaded assembly
- Completed reload, in  0.633 seconds
Platform modules already initialized, skipping
Refreshing native plugins compatible for Editor in 0.24 ms, found 0 plugins.
Preloading 0 native plugins for Editor in 0.00 ms.
Unloading 1115 Unused Serialized files (Serialized files now loaded: 0)
System memory in use before: 61.3 MB.
System memory in use after: 61.2 MB.

Unloading 8 unused Assets to reduce memory usage. Loaded Objects now: 1609.
Total: 1.803400 ms (FindLiveObjects: 0.171400 ms CreateObjectMapping: 0.031200 ms MarkObjects: 1.404200 ms  DeleteObjects: 0.195500 ms)

========================================================================
Received Prepare
Registering precompiled user dll's ...
Registered in 0.000755 seconds.
Begin MonoManager ReloadAssembly
Native extension for WindowsStandalone target not found
Native extension for WebGL target not found
Refreshing native plugins compatible for Editor in 0.27 ms, found 0 plugins.
Preloading 0 native plugins for Editor in 0.00 ms.
Mono: successfully reloaded assembly
- Completed reload, in  0.679 seconds
Platform modules already initialized, skipping
Refreshing native plugins compatible for Editor in 0.26 ms, found 0 plugins.
Preloading 0 native plugins for Editor in 0.00 ms.
Unloading 1115 Unused Serialized files (Serialized files now loaded: 0)
System memory in use before: 61.3 MB.
System memory in use after: 61.2 MB.

Unloading 8 unused Assets to reduce memory usage. Loaded Objects now: 1612.
Total: 1.947000 ms (FindLiveObjects: 0.188300 ms CreateObjectMapping: 0.025100 ms MarkObjects: 1.483200 ms  DeleteObjects: 0.249300 ms)

========================================================================
Received Prepare
Registering precompiled user dll's ...
Registered in 0.000572 seconds.
Begin MonoManager ReloadAssembly
Native extension for WindowsStandalone target not found
Native extension for WebGL target not found
Refreshing native plugins compatible for Editor in 0.24 ms, found 0 plugins.
Preloading 0 native plugins for Editor in 0.00 ms.
Mono: successfully reloaded assembly
- Completed reload, in  0.644 seconds
Platform modules already initialized, skipping
Refreshing native plugins compatible for Editor in 0.26 ms, found 0 plugins.
Preloading 0 native plugins for Editor in 0.00 ms.
Unloading 1115 Unused Serialized files (Serialized files now loaded: 0)
System memory in use before: 61.4 MB.
System memory in use after: 61.2 MB.

Unloading 8 unused Assets to reduce memory usage. Loaded Objects now: 1615.
Total: 1.836400 ms (FindLiveObjects: 0.180600 ms CreateObjectMapping: 0.030900 ms MarkObjects: 1.408700 ms  DeleteObjects: 0.215400 ms)

========================================================================
Received Import Request.
  Time since last request: 13570.610515 seconds.
  path: Assets/Scripts
  artifactKey: Guid(e418b46f3aea36044bcd5abb4cc638d2) Importer(815301076,1909f56bfc062723c751e8b465ee728b)
Start importing Assets/Scripts using Guid(e418b46f3aea36044bcd5abb4cc638d2) Importer(815301076,1909f56bfc062723c751e8b465ee728b)  -> (artifact id: '7e7b551a6f7647779073f9c2e5628f7c') in 0.007975 seconds
  Import took 0.010054 seconds .

========================================================================
Received Import Request.
  Time since last request: 19.755645 seconds.
  path: Assets/Scripts/StartController.cs
  artifactKey: Guid(f0bf0bb3e68b92147bace0fffa9ab44d) Importer(815301076,1909f56bfc062723c751e8b465ee728b)
Start importing Assets/Scripts/StartController.cs using Guid(f0bf0bb3e68b92147bace0fffa9ab44d) Importer(815301076,1909f56bfc062723c751e8b465ee728b)  -> (artifact id: '3f493ce9de4e2296545f637b96dea905') in 0.010296 seconds
  Import took 0.012348 seconds .

========================================================================
Received Prepare
Registering precompiled user dll's ...
Registered in 0.000571 seconds.
Begin MonoManager ReloadAssembly
Native extension for WindowsStandalone target not found
Native extension for WebGL target not found
Refreshing native plugins compatible for Editor in 0.25 ms, found 0 plugins.
Preloading 0 native plugins for Editor in 0.00 ms.
Mono: successfully reloaded assembly
- Completed reload, in  0.648 seconds
Platform modules already initialized, skipping
Refreshing native plugins compatible for Editor in 0.25 ms, found 0 plugins.
Preloading 0 native plugins for Editor in 0.00 ms.
Unloading 1116 Unused Serialized files (Serialized files now loaded: 0)
System memory in use before: 61.5 MB.
System memory in use after: 61.3 MB.

Unloading 8 unused Assets to reduce memory usage. Loaded Objects now: 1619.
Total: 1.874300 ms (FindLiveObjects: 0.218100 ms CreateObjectMapping: 0.031700 ms MarkObjects: 1.358600 ms  DeleteObjects: 0.264100 ms)

========================================================================
Received Import Request.
  Time since last request: 391.651844 seconds.
  path: Assets/Scripts/SphereProps.cs
  artifactKey: Guid(a8fcfef9c1f741345bb15ab4c33593c7) Importer(815301076,1909f56bfc062723c751e8b465ee728b)
Start importing Assets/Scripts/SphereProps.cs using Guid(a8fcfef9c1f741345bb15ab4c33593c7) Importer(815301076,1909f56bfc062723c751e8b465ee728b)  -> (artifact id: '0091cc811c8d64555182eeeba50b5be4') in 0.010383 seconds
  Import took 0.012392 seconds .

========================================================================
Received Prepare
Registering precompiled user dll's ...
Registered in 0.000533 seconds.
Begin MonoManager ReloadAssembly
Native extension for WindowsStandalone target not found
Native extension for WebGL target not found
Refreshing native plugins compatible for Editor in 0.25 ms, found 0 plugins.
Preloading 0 native plugins for Editor in 0.00 ms.
Mono: successfully reloaded assembly
- Completed reload, in  0.672 seconds
Platform modules already initialized, skipping
Refreshing native plugins compatible for Editor in 0.26 ms, found 0 plugins.
Preloading 0 native plugins for Editor in 0.00 ms.
Unloading 1117 Unused Serialized files (Serialized files now loaded: 0)
System memory in use before: 61.5 MB.
System memory in use after: 61.3 MB.

Unloading 8 unused Assets to reduce memory usage. Loaded Objects now: 1623.
Total: 1.857600 ms (FindLiveObjects: 0.197000 ms CreateObjectMapping: 0.032500 ms MarkObjects: 1.382100 ms  DeleteObjects: 0.245300 ms)

========================================================================
Received Prepare
Registering precompiled user dll's ...
Registered in 0.000591 seconds.
Begin MonoManager ReloadAssembly
Native extension for WindowsStandalone target not found
Native extension for WebGL target not found
Refreshing native plugins compatible for Editor in 0.24 ms, found 0 plugins.
Preloading 0 native plugins for Editor in 0.00 ms.
Mono: successfully reloaded assembly
- Completed reload, in  0.665 seconds
Platform modules already initialized, skipping
Refreshing native plugins compatible for Editor in 0.25 ms, found 0 plugins.
Preloading 0 native plugins for Editor in 0.00 ms.
Unloading 1117 Unused Serialized files (Serialized files now loaded: 0)
System memory in use before: 61.5 MB.
System memory in use after: 61.3 MB.

Unloading 8 unused Assets to reduce memory usage. Loaded Objects now: 1626.
Total: 1.690500 ms (FindLiveObjects: 0.151100 ms CreateObjectMapping: 0.029600 ms MarkObjects: 1.278200 ms  DeleteObjects: 0.230600 ms)

========================================================================
Received Prepare
Registering precompiled user dll's ...
Registered in 0.000596 seconds.
Begin MonoManager ReloadAssembly
Native extension for WindowsStandalone target not found
Native extension for WebGL target not found
Refreshing native plugins compatible for Editor in 0.26 ms, found 0 plugins.
Preloading 0 native plugins for Editor in 0.00 ms.
Mono: successfully reloaded assembly
- Completed reload, in  0.644 seconds
Platform modules already initialized, skipping
Refreshing native plugins compatible for Editor in 0.24 ms, found 0 plugins.
Preloading 0 native plugins for Editor in 0.00 ms.
Unloading 1117 Unused Serialized files (Serialized files now loaded: 0)
System memory in use before: 61.5 MB.
System memory in use after: 61.3 MB.

Unloading 8 unused Assets to reduce memory usage. Loaded Objects now: 1629.
Total: 1.863800 ms (FindLiveObjects: 0.202800 ms CreateObjectMapping: 0.030900 ms MarkObjects: 1.393700 ms  DeleteObjects: 0.235500 ms)

========================================================================
Received Prepare
Registering precompiled user dll's ...
Registered in 0.000507 seconds.
Begin MonoManager ReloadAssembly
Native extension for WindowsStandalone target not found
Native extension for WebGL target not found
Refreshing native plugins compatible for Editor in 0.25 ms, found 0 plugins.
Preloading 0 native plugins for Editor in 0.00 ms.
Mono: successfully reloaded assembly
- Completed reload, in  0.666 seconds
Platform modules already initialized, skipping
Refreshing native plugins compatible for Editor in 0.24 ms, found 0 plugins.
Preloading 0 native plugins for Editor in 0.00 ms.
Unloading 1117 Unused Serialized files (Serialized files now loaded: 0)
System memory in use before: 61.5 MB.
System memory in use after: 61.3 MB.

Unloading 8 unused Assets to reduce memory usage. Loaded Objects now: 1632.
Total: 2.025300 ms (FindLiveObjects: 0.192900 ms CreateObjectMapping: 0.032700 ms MarkObjects: 1.529900 ms  DeleteObjects: 0.268800 ms)

========================================================================
Received Import Request.
  Time since last request: 476.607004 seconds.
  path: Assets/Scripts/MockProperties.cs
  artifactKey: Guid(0a22783359d3e124cb6bc6e4e1284e53) Importer(815301076,1909f56bfc062723c751e8b465ee728b)
Start importing Assets/Scripts/MockProperties.cs using Guid(0a22783359d3e124cb6bc6e4e1284e53) Importer(815301076,1909f56bfc062723c751e8b465ee728b)  -> (artifact id: '60b2c465b01240b944678a9227102f9b') in 0.009925 seconds
  Import took 0.012077 seconds .

========================================================================
Received Import Request.
  Time since last request: 0.017568 seconds.
  path: Assets/Scripts/MockProperties.cs
  artifactKey: Guid(0a22783359d3e124cb6bc6e4e1284e53) Importer(815301076,1909f56bfc062723c751e8b465ee728b)
Start importing Assets/Scripts/MockProperties.cs using Guid(0a22783359d3e124cb6bc6e4e1284e53) Importer(815301076,1909f56bfc062723c751e8b465ee728b)  -> (artifact id: '60b2c465b01240b944678a9227102f9b') in 0.003341 seconds
  Import took 0.005329 seconds .

========================================================================
Received Import Request.
  Time since last request: 7.930797 seconds.
  path: Assets/Scripts/SmallWaveMockProperties.cs
  artifactKey: Guid(0a22783359d3e124cb6bc6e4e1284e53) Importer(815301076,1909f56bfc062723c751e8b465ee728b)
Start importing Assets/Scripts/SmallWaveMockProperties.cs using Guid(0a22783359d3e124cb6bc6e4e1284e53) Importer(815301076,1909f56bfc062723c751e8b465ee728b)  -> (artifact id: 'c0f92b0edf5e6b847322b4afb77ce8a7') in 0.007606 seconds
  Import took 0.009624 seconds .

========================================================================
Received Prepare
Registering precompiled user dll's ...
Registered in 0.000614 seconds.
Begin MonoManager ReloadAssembly
Native extension for WindowsStandalone target not found
Native extension for WebGL target not found
Refreshing native plugins compatible for Editor in 0.24 ms, found 0 plugins.
Preloading 0 native plugins for Editor in 0.00 ms.
Mono: successfully reloaded assembly
- Completed reload, in  0.682 seconds
Platform modules already initialized, skipping
Refreshing native plugins compatible for Editor in 0.25 ms, found 0 plugins.
Preloading 0 native plugins for Editor in 0.00 ms.
Unloading 1117 Unused Serialized files (Serialized files now loaded: 0)
System memory in use before: 61.5 MB.
System memory in use after: 61.3 MB.

Unloading 8 unused Assets to reduce memory usage. Loaded Objects now: 1635.
Total: 2.118400 ms (FindLiveObjects: 0.194600 ms CreateObjectMapping: 0.028500 ms MarkObjects: 1.633900 ms  DeleteObjects: 0.260500 ms)

========================================================================
Received Import Request.
  Time since last request: 21.123571 seconds.
  path: Assets/Scripts/BigWave.cs
  artifactKey: Guid(027fa1461b615a44896219da019c6c07) Importer(815301076,1909f56bfc062723c751e8b465ee728b)
Start importing Assets/Scripts/BigWave.cs using Guid(027fa1461b615a44896219da019c6c07) Importer(815301076,1909f56bfc062723c751e8b465ee728b)  -> (artifact id: '5613c445f733dd76ebabc58a35d77f73') in 0.009723 seconds
  Import took 0.011820 seconds .

========================================================================
Received Prepare
Registering precompiled user dll's ...
Registered in 0.000488 seconds.
Begin MonoManager ReloadAssembly
Native extension for WindowsStandalone target not found
Native extension for WebGL target not found
Refreshing native plugins compatible for Editor in 0.25 ms, found 0 plugins.
Preloading 0 native plugins for Editor in 0.00 ms.
Mono: successfully reloaded assembly
- Completed reload, in  0.667 seconds
Platform modules already initialized, skipping
Refreshing native plugins compatible for Editor in 0.37 ms, found 0 plugins.
Preloading 0 native plugins for Editor in 0.00 ms.
Unloading 1118 Unused Serialized files (Serialized files now loaded: 0)
System memory in use before: 61.5 MB.
System memory in use after: 61.3 MB.

Unloading 8 unused Assets to reduce memory usage. Loaded Objects now: 1639.
Total: 2.112300 ms (FindLiveObjects: 0.178300 ms CreateObjectMapping: 0.030200 ms MarkObjects: 1.645900 ms  DeleteObjects: 0.256600 ms)

========================================================================
Received Prepare
Registering precompiled user dll's ...
Registered in 0.000504 seconds.
Begin MonoManager ReloadAssembly
Native extension for WindowsStandalone target not found
Native extension for WebGL target not found
Refreshing native plugins compatible for Editor in 0.25 ms, found 0 plugins.
Preloading 0 native plugins for Editor in 0.00 ms.
Mono: successfully reloaded assembly
- Completed reload, in  0.662 seconds
Platform modules already initialized, skipping
Refreshing native plugins compatible for Editor in 0.25 ms, found 0 plugins.
Preloading 0 native plugins for Editor in 0.00 ms.
Unloading 1118 Unused Serialized files (Serialized files now loaded: 0)
System memory in use before: 61.5 MB.
System memory in use after: 61.3 MB.

Unloading 8 unused Assets to reduce memory usage. Loaded Objects now: 1642.
Total: 2.052500 ms (FindLiveObjects: 0.190600 ms CreateObjectMapping: 0.027700 ms MarkObjects: 1.592700 ms  DeleteObjects: 0.240500 ms)

========================================================================
Received Import Request.
  Time since last request: 63.380119 seconds.
  path: Assets/SimpleMove.cs
  artifactKey: Guid(e37718e9bb97d454695b5b50fb29125b) Importer(815301076,1909f56bfc062723c751e8b465ee728b)
Start importing Assets/SimpleMove.cs using Guid(e37718e9bb97d454695b5b50fb29125b) Importer(815301076,1909f56bfc062723c751e8b465ee728b)  -> (artifact id: 'a1f72224de1caace5e4a508e8a56120d') in 0.010343 seconds
  Import took 0.012365 seconds .

========================================================================
Received Prepare
Registering precompiled user dll's ...
Registered in 0.000585 seconds.
Begin MonoManager ReloadAssembly
Native extension for WindowsStandalone target not found
Native extension for WebGL target not found
Refreshing native plugins compatible for Editor in 0.25 ms, found 0 plugins.
Preloading 0 native plugins for Editor in 0.00 ms.
Mono: successfully reloaded assembly
- Completed reload, in  0.658 seconds
Platform modules already initialized, skipping
Refreshing native plugins compatible for Editor in 0.24 ms, found 0 plugins.
Preloading 0 native plugins for Editor in 0.00 ms.
Unloading 1118 Unused Serialized files (Serialized files now loaded: 0)
System memory in use before: 61.5 MB.
System memory in use after: 61.3 MB.

Unloading 8 unused Assets to reduce memory usage. Loaded Objects now: 1645.
Total: 1.907900 ms (FindLiveObjects: 0.153500 ms CreateObjectMapping: 0.030900 ms MarkObjects: 1.496400 ms  DeleteObjects: 0.226200 ms)

========================================================================
Received Import Request.
  Time since last request: 49.223145 seconds.
  path: Assets/Scripts/SmallWave.cs
  artifactKey: Guid(0a22783359d3e124cb6bc6e4e1284e53) Importer(815301076,1909f56bfc062723c751e8b465ee728b)
Start importing Assets/Scripts/SmallWave.cs using Guid(0a22783359d3e124cb6bc6e4e1284e53) Importer(815301076,1909f56bfc062723c751e8b465ee728b)  -> (artifact id: 'd3ab6c135865c7ff47b6b9513e720212') in 0.009279 seconds
  Import took 0.011228 seconds .

========================================================================
Received Import Request.
  Time since last request: 0.018758 seconds.
  path: Assets/Scripts/SmallWave.cs
  artifactKey: Guid(0a22783359d3e124cb6bc6e4e1284e53) Importer(815301076,1909f56bfc062723c751e8b465ee728b)
Start importing Assets/Scripts/SmallWave.cs using Guid(0a22783359d3e124cb6bc6e4e1284e53) Importer(815301076,1909f56bfc062723c751e8b465ee728b)  -> (artifact id: 'd3ab6c135865c7ff47b6b9513e720212') in 0.002988 seconds
  Import took 0.004834 seconds .

========================================================================
Received Import Request.
  Time since last request: 1.975182 seconds.
  path: Assets/Scripts/BigWave.cs
  artifactKey: Guid(027fa1461b615a44896219da019c6c07) Importer(815301076,1909f56bfc062723c751e8b465ee728b)
Start importing Assets/Scripts/BigWave.cs using Guid(027fa1461b615a44896219da019c6c07) Importer(815301076,1909f56bfc062723c751e8b465ee728b)  -> (artifact id: '39e41049ae78f2d40c8a99da0c44961a') in 0.006763 seconds
  Import took 0.008872 seconds .

========================================================================
Received Import Request.
  Time since last request: 204.323332 seconds.
  path: Assets/Scripts/BigWave.cs
  artifactKey: Guid(027fa1461b615a44896219da019c6c07) Importer(815301076,1909f56bfc062723c751e8b465ee728b)
Start importing Assets/Scripts/BigWave.cs using Guid(027fa1461b615a44896219da019c6c07) Importer(815301076,1909f56bfc062723c751e8b465ee728b)  -> (artifact id: 'c78b2d57b2e41a71443f4672fa714d81') in 0.003287 seconds
  Import took 0.005608 seconds .

========================================================================
Received Prepare
Registering precompiled user dll's ...
Registered in 0.000540 seconds.
Begin MonoManager ReloadAssembly
Native extension for WindowsStandalone target not found
Native extension for WebGL target not found
Refreshing native plugins compatible for Editor in 0.25 ms, found 0 plugins.
Preloading 0 native plugins for Editor in 0.00 ms.
Mono: successfully reloaded assembly
- Completed reload, in  0.643 seconds
Platform modules already initialized, skipping
Refreshing native plugins compatible for Editor in 0.23 ms, found 0 plugins.
Preloading 0 native plugins for Editor in 0.00 ms.
Unloading 1118 Unused Serialized files (Serialized files now loaded: 0)
System memory in use before: 61.5 MB.
System memory in use after: 61.3 MB.

Unloading 8 unused Assets to reduce memory usage. Loaded Objects now: 1648.
Total: 1.961100 ms (FindLiveObjects: 0.163200 ms CreateObjectMapping: 0.031300 ms MarkObjects: 1.544100 ms  DeleteObjects: 0.221500 ms)

========================================================================
Received Prepare
Registering precompiled user dll's ...
Registered in 0.000541 seconds.
Begin MonoManager ReloadAssembly
Native extension for WindowsStandalone target not found
Native extension for WebGL target not found
Refreshing native plugins compatible for Editor in 0.25 ms, found 0 plugins.
Preloading 0 native plugins for Editor in 0.00 ms.
Mono: successfully reloaded assembly
- Completed reload, in  0.627 seconds
Platform modules already initialized, skipping
Refreshing native plugins compatible for Editor in 0.24 ms, found 0 plugins.
Preloading 0 native plugins for Editor in 0.00 ms.
Unloading 1118 Unused Serialized files (Serialized files now loaded: 0)
System memory in use before: 61.6 MB.
System memory in use after: 61.4 MB.

Unloading 8 unused Assets to reduce memory usage. Loaded Objects now: 1651.
Total: 1.823000 ms (FindLiveObjects: 0.174200 ms CreateObjectMapping: 0.025500 ms MarkObjects: 1.384000 ms  DeleteObjects: 0.238200 ms)

========================================================================
Received Prepare
Registering precompiled user dll's ...
Registered in 0.000625 seconds.
Begin MonoManager ReloadAssembly
Native extension for WindowsStandalone target not found
Native extension for WebGL target not found
Refreshing native plugins compatible for Editor in 0.24 ms, found 0 plugins.
Preloading 0 native plugins for Editor in 0.00 ms.
Mono: successfully reloaded assembly
- Completed reload, in  0.627 seconds
Platform modules already initialized, skipping
Refreshing native plugins compatible for Editor in 0.24 ms, found 0 plugins.
Preloading 0 native plugins for Editor in 0.00 ms.
Unloading 1118 Unused Serialized files (Serialized files now loaded: 0)
System memory in use before: 61.6 MB.
System memory in use after: 61.4 MB.

Unloading 8 unused Assets to reduce memory usage. Loaded Objects now: 1654.
Total: 2.107000 ms (FindLiveObjects: 0.168800 ms CreateObjectMapping: 0.034600 ms MarkObjects: 1.661000 ms  DeleteObjects: 0.241900 ms)

========================================================================
Received Prepare
Registering precompiled user dll's ...
Registered in 0.000578 seconds.
Begin MonoManager ReloadAssembly
Native extension for WindowsStandalone target not found
Native extension for WebGL target not found
Refreshing native plugins compatible for Editor in 0.24 ms, found 0 plugins.
Preloading 0 native plugins for Editor in 0.00 ms.
Mono: successfully reloaded assembly
- Completed reload, in  0.653 seconds
Platform modules already initialized, skipping
Refreshing native plugins compatible for Editor in 0.24 ms, found 0 plugins.
Preloading 0 native plugins for Editor in 0.00 ms.
Unloading 1118 Unused Serialized files (Serialized files now loaded: 0)
System memory in use before: 61.6 MB.
System memory in use after: 61.4 MB.

Unloading 8 unused Assets to reduce memory usage. Loaded Objects now: 1657.
Total: 2.056900 ms (FindLiveObjects: 0.185700 ms CreateObjectMapping: 0.026000 ms MarkObjects: 1.614300 ms  DeleteObjects: 0.229400 ms)

========================================================================
Received Prepare
Registering precompiled user dll's ...
Registered in 0.000579 seconds.
Begin MonoManager ReloadAssembly
Native extension for WindowsStandalone target not found
Native extension for WebGL target not found
Refreshing native plugins compatible for Editor in 0.24 ms, found 0 plugins.
Preloading 0 native plugins for Editor in 0.00 ms.
Mono: successfully reloaded assembly
- Completed reload, in  0.642 seconds
Platform modules already initialized, skipping
Refreshing native plugins compatible for Editor in 0.26 ms, found 0 plugins.
Preloading 0 native plugins for Editor in 0.00 ms.
Unloading 1118 Unused Serialized files (Serialized files now loaded: 0)
System memory in use before: 61.5 MB.
System memory in use after: 61.4 MB.

Unloading 8 unused Assets to reduce memory usage. Loaded Objects now: 1660.
Total: 1.991900 ms (FindLiveObjects: 0.186800 ms CreateObjectMapping: 0.026000 ms MarkObjects: 1.530400 ms  DeleteObjects: 0.247700 ms)

========================================================================
Received Prepare
Registering precompiled user dll's ...
Registered in 0.000554 seconds.
Begin MonoManager ReloadAssembly
Native extension for WindowsStandalone target not found
Native extension for WebGL target not found
Refreshing native plugins compatible for Editor in 0.25 ms, found 0 plugins.
Preloading 0 native plugins for Editor in 0.00 ms.
Mono: successfully reloaded assembly
- Completed reload, in  0.632 seconds
Platform modules already initialized, skipping
Refreshing native plugins compatible for Editor in 0.25 ms, found 0 plugins.
Preloading 0 native plugins for Editor in 0.00 ms.
Unloading 1118 Unused Serialized files (Serialized files now loaded: 0)
System memory in use before: 61.5 MB.
System memory in use after: 61.4 MB.

Unloading 8 unused Assets to reduce memory usage. Loaded Objects now: 1663.
Total: 1.761500 ms (FindLiveObjects: 0.183700 ms CreateObjectMapping: 0.026000 ms MarkObjects: 1.320100 ms  DeleteObjects: 0.230800 ms)

========================================================================
Received Prepare
Registering precompiled user dll's ...
Registered in 0.000521 seconds.
Begin MonoManager ReloadAssembly
Native extension for WindowsStandalone target not found
Native extension for WebGL target not found
Refreshing native plugins compatible for Editor in 0.25 ms, found 0 plugins.
Preloading 0 native plugins for Editor in 0.00 ms.
Mono: successfully reloaded assembly
- Completed reload, in  0.633 seconds
Platform modules already initialized, skipping
Refreshing native plugins compatible for Editor in 0.23 ms, found 0 plugins.
Preloading 0 native plugins for Editor in 0.00 ms.
Unloading 1118 Unused Serialized files (Serialized files now loaded: 0)
System memory in use before: 61.5 MB.
System memory in use after: 61.4 MB.

Unloading 8 unused Assets to reduce memory usage. Loaded Objects now: 1666.
Total: 1.904600 ms (FindLiveObjects: 0.186700 ms CreateObjectMapping: 0.029600 ms MarkObjects: 1.459200 ms  DeleteObjects: 0.227700 ms)

========================================================================
Received Prepare
Registering precompiled user dll's ...
Registered in 0.000463 seconds.
Begin MonoManager ReloadAssembly
Native extension for WindowsStandalone target not found
Native extension for WebGL target not found
Refreshing native plugins compatible for Editor in 0.24 ms, found 0 plugins.
Preloading 0 native plugins for Editor in 0.00 ms.
Mono: successfully reloaded assembly
- Completed reload, in  0.656 seconds
Platform modules already initialized, skipping
Refreshing native plugins compatible for Editor in 0.29 ms, found 0 plugins.
Preloading 0 native plugins for Editor in 0.00 ms.
Unloading 1118 Unused Serialized files (Serialized files now loaded: 0)
System memory in use before: 61.6 MB.
System memory in use after: 61.4 MB.

Unloading 8 unused Assets to reduce memory usage. Loaded Objects now: 1669.
Total: 2.615400 ms (FindLiveObjects: 0.267600 ms CreateObjectMapping: 0.029900 ms MarkObjects: 1.986700 ms  DeleteObjects: 0.328900 ms)

========================================================================
Received Prepare
Registering precompiled user dll's ...
Registered in 0.000686 seconds.
Begin MonoManager ReloadAssembly
Native extension for WindowsStandalone target not found
Native extension for WebGL target not found
Refreshing native plugins compatible for Editor in 0.25 ms, found 0 plugins.
Preloading 0 native plugins for Editor in 0.00 ms.
Mono: successfully reloaded assembly
- Completed reload, in  0.645 seconds
Platform modules already initialized, skipping
Refreshing native plugins compatible for Editor in 0.24 ms, found 0 plugins.
Preloading 0 native plugins for Editor in 0.00 ms.
Unloading 1118 Unused Serialized files (Serialized files now loaded: 0)
System memory in use before: 61.6 MB.
System memory in use after: 61.4 MB.

Unloading 8 unused Assets to reduce memory usage. Loaded Objects now: 1672.
Total: 1.750400 ms (FindLiveObjects: 0.181900 ms CreateObjectMapping: 0.026500 ms MarkObjects: 1.308900 ms  DeleteObjects: 0.232000 ms)

========================================================================
Received Prepare
Registering precompiled user dll's ...
Registered in 0.000539 seconds.
Begin MonoManager ReloadAssembly
Native extension for WindowsStandalone target not found
Native extension for WebGL target not found
Refreshing native plugins compatible for Editor in 0.24 ms, found 0 plugins.
Preloading 0 native plugins for Editor in 0.00 ms.
Mono: successfully reloaded assembly
- Completed reload, in  0.619 seconds
Platform modules already initialized, skipping
Refreshing native plugins compatible for Editor in 0.24 ms, found 0 plugins.
Preloading 0 native plugins for Editor in 0.00 ms.
Unloading 1118 Unused Serialized files (Serialized files now loaded: 0)
System memory in use before: 61.6 MB.
System memory in use after: 61.4 MB.

Unloading 8 unused Assets to reduce memory usage. Loaded Objects now: 1675.
Total: 1.914800 ms (FindLiveObjects: 0.185500 ms CreateObjectMapping: 0.027300 ms MarkObjects: 1.467600 ms  DeleteObjects: 0.233300 ms)

========================================================================
Received Prepare
Registering precompiled user dll's ...
Registered in 0.000567 seconds.
Begin MonoManager ReloadAssembly
Native extension for WindowsStandalone target not found
Native extension for WebGL target not found
Refreshing native plugins compatible for Editor in 0.26 ms, found 0 plugins.
Preloading 0 native plugins for Editor in 0.00 ms.
Mono: successfully reloaded assembly
- Completed reload, in  0.646 seconds
Platform modules already initialized, skipping
Refreshing native plugins compatible for Editor in 0.29 ms, found 0 plugins.
Preloading 0 native plugins for Editor in 0.00 ms.
Unloading 1118 Unused Serialized files (Serialized files now loaded: 0)
System memory in use before: 61.6 MB.
System memory in use after: 61.4 MB.

Unloading 8 unused Assets to reduce memory usage. Loaded Objects now: 1678.
Total: 1.998000 ms (FindLiveObjects: 0.175400 ms CreateObjectMapping: 0.030100 ms MarkObjects: 1.546300 ms  DeleteObjects: 0.245400 ms)

========================================================================
Received Prepare
Registering precompiled user dll's ...
Registered in 0.000623 seconds.
Begin MonoManager ReloadAssembly
Native extension for WindowsStandalone target not found
Native extension for WebGL target not found
Refreshing native plugins compatible for Editor in 0.24 ms, found 0 plugins.
Preloading 0 native plugins for Editor in 0.00 ms.
Mono: successfully reloaded assembly
- Completed reload, in  0.627 seconds
Platform modules already initialized, skipping
Refreshing native plugins compatible for Editor in 0.24 ms, found 0 plugins.
Preloading 0 native plugins for Editor in 0.00 ms.
Unloading 1118 Unused Serialized files (Serialized files now loaded: 0)
System memory in use before: 61.6 MB.
System memory in use after: 61.4 MB.

Unloading 8 unused Assets to reduce memory usage. Loaded Objects now: 1681.
Total: 1.904200 ms (FindLiveObjects: 0.224800 ms CreateObjectMapping: 0.033300 ms MarkObjects: 1.390600 ms  DeleteObjects: 0.254100 ms)

========================================================================
Received Prepare
Registering precompiled user dll's ...
Registered in 0.000581 seconds.
Begin MonoManager ReloadAssembly
Native extension for WindowsStandalone target not found
Native extension for WebGL target not found
Refreshing native plugins compatible for Editor in 0.24 ms, found 0 plugins.
Preloading 0 native plugins for Editor in 0.00 ms.
Mono: successfully reloaded assembly
- Completed reload, in  0.664 seconds
Platform modules already initialized, skipping
Refreshing native plugins compatible for Editor in 0.24 ms, found 0 plugins.
Preloading 0 native plugins for Editor in 0.00 ms.
Unloading 1118 Unused Serialized files (Serialized files now loaded: 0)
System memory in use before: 61.6 MB.
System memory in use after: 61.4 MB.

Unloading 8 unused Assets to reduce memory usage. Loaded Objects now: 1684.
Total: 2.000500 ms (FindLiveObjects: 0.203100 ms CreateObjectMapping: 0.032300 ms MarkObjects: 1.511900 ms  DeleteObjects: 0.252000 ms)

========================================================================
Received Prepare
Registering precompiled user dll's ...
Registered in 0.000577 seconds.
Begin MonoManager ReloadAssembly
Native extension for WindowsStandalone target not found
Native extension for WebGL target not found
Refreshing native plugins compatible for Editor in 0.24 ms, found 0 plugins.
Preloading 0 native plugins for Editor in 0.00 ms.
Mono: successfully reloaded assembly
- Completed reload, in  0.626 seconds
Platform modules already initialized, skipping
Refreshing native plugins compatible for Editor in 0.24 ms, found 0 plugins.
Preloading 0 native plugins for Editor in 0.00 ms.
Unloading 1118 Unused Serialized files (Serialized files now loaded: 0)
System memory in use before: 61.6 MB.
System memory in use after: 61.4 MB.

Unloading 8 unused Assets to reduce memory usage. Loaded Objects now: 1687.
Total: 1.866600 ms (FindLiveObjects: 0.177000 ms CreateObjectMapping: 0.025400 ms MarkObjects: 1.426700 ms  DeleteObjects: 0.236600 ms)

========================================================================
Received Import Request.
  Time since last request: 1132.491446 seconds.
  path: Assets/Scripts/DistanceTest.shader
  artifactKey: Guid(ce493f1a152f0f541992cd44def44531) Importer(815301076,1909f56bfc062723c751e8b465ee728b)
Start importing Assets/Scripts/DistanceTest.shader using Guid(ce493f1a152f0f541992cd44def44531) Importer(815301076,1909f56bfc062723c751e8b465ee728b)  -> (artifact id: '85ae3a90d02901d76c7b07b2d30b3799') in 0.016900 seconds
  Import took 0.019135 seconds .

========================================================================
Received Import Request.
  Time since last request: 57.030182 seconds.
  path: Assets/DistanceCal.shader
  artifactKey: Guid(1b6f9a5ceff7ac241b9b4807fb2d7b11) Importer(815301076,1909f56bfc062723c751e8b465ee728b)
Start importing Assets/DistanceCal.shader using Guid(1b6f9a5ceff7ac241b9b4807fb2d7b11) Importer(815301076,1909f56bfc062723c751e8b465ee728b)  -> (artifact id: 'b754ea80b3ed32d39200cae95be99aca') in 0.008783 seconds
  Import took 0.010852 seconds .

========================================================================
Received Import Request.
  Time since last request: 247.761668 seconds.
  path: Assets/Scripts/Mat.mat
  artifactKey: Guid(1e260aa4308cd84478d7b6efc69cf8ac) Importer(815301076,1909f56bfc062723c751e8b465ee728b)
Start importing Assets/Scripts/Mat.mat using Guid(1e260aa4308cd84478d7b6efc69cf8ac) Importer(815301076,1909f56bfc062723c751e8b465ee728b)  -> (artifact id: '8acc0230185370a0c617b47fa99c515b') in 0.060225 seconds
  Import took 0.062330 seconds .

========================================================================
Received Prepare
Registering precompiled user dll's ...
Registered in 0.000648 seconds.
Begin MonoManager ReloadAssembly
Native extension for WindowsStandalone target not found
Native extension for WebGL target not found
Refreshing native plugins compatible for Editor in 0.24 ms, found 0 plugins.
Preloading 0 native plugins for Editor in 0.00 ms.
Mono: successfully reloaded assembly
- Completed reload, in  0.644 seconds
Platform modules already initialized, skipping
Refreshing native plugins compatible for Editor in 0.25 ms, found 0 plugins.
Preloading 0 native plugins for Editor in 0.00 ms.
Unloading 1119 Unused Serialized files (Serialized files now loaded: 0)
System memory in use before: 61.8 MB.
System memory in use after: 61.5 MB.

Unloading 9 unused Assets to reduce memory usage. Loaded Objects now: 1691.
Total: 1.959600 ms (FindLiveObjects: 0.185700 ms CreateObjectMapping: 0.031600 ms MarkObjects: 1.477600 ms  DeleteObjects: 0.263200 ms)

========================================================================
Received Prepare
Registering precompiled user dll's ...
Registered in 0.000512 seconds.
Begin MonoManager ReloadAssembly
Native extension for WindowsStandalone target not found
Native extension for WebGL target not found
Refreshing native plugins compatible for Editor in 0.24 ms, found 0 plugins.
Preloading 0 native plugins for Editor in 0.00 ms.
Mono: successfully reloaded assembly
- Completed reload, in  0.632 seconds
Platform modules already initialized, skipping
Refreshing native plugins compatible for Editor in 0.24 ms, found 0 plugins.
Preloading 0 native plugins for Editor in 0.00 ms.
Unloading 1119 Unused Serialized files (Serialized files now loaded: 0)
System memory in use before: 61.8 MB.
System memory in use after: 61.5 MB.

Unloading 9 unused Assets to reduce memory usage. Loaded Objects now: 1694.
Total: 1.957400 ms (FindLiveObjects: 0.188300 ms CreateObjectMapping: 0.030300 ms MarkObjects: 1.482300 ms  DeleteObjects: 0.255500 ms)

========================================================================
Received Prepare
Registering precompiled user dll's ...
Registered in 0.000514 seconds.
Begin MonoManager ReloadAssembly
Native extension for WindowsStandalone target not found
Native extension for WebGL target not found
Refreshing native plugins compatible for Editor in 0.24 ms, found 0 plugins.
Preloading 0 native plugins for Editor in 0.00 ms.
Mono: successfully reloaded assembly
- Completed reload, in  0.647 seconds
Platform modules already initialized, skipping
Refreshing native plugins compatible for Editor in 0.24 ms, found 0 plugins.
Preloading 0 native plugins for Editor in 0.00 ms.
Unloading 1119 Unused Serialized files (Serialized files now loaded: 0)
System memory in use before: 61.7 MB.
System memory in use after: 61.5 MB.

Unloading 9 unused Assets to reduce memory usage. Loaded Objects now: 1697.
Total: 2.125000 ms (FindLiveObjects: 0.184900 ms CreateObjectMapping: 0.030400 ms MarkObjects: 1.674200 ms  DeleteObjects: 0.234400 ms)

========================================================================
Received Prepare
Registering precompiled user dll's ...
Registered in 0.000754 seconds.
Begin MonoManager ReloadAssembly
Native extension for WindowsStandalone target not found
Native extension for WebGL target not found
Refreshing native plugins compatible for Editor in 0.24 ms, found 0 plugins.
Preloading 0 native plugins for Editor in 0.00 ms.
Mono: successfully reloaded assembly
- Completed reload, in  0.650 seconds
Platform modules already initialized, skipping
Refreshing native plugins compatible for Editor in 0.26 ms, found 0 plugins.
Preloading 0 native plugins for Editor in 0.00 ms.
Unloading 1119 Unused Serialized files (Serialized files now loaded: 0)
System memory in use before: 61.8 MB.
System memory in use after: 61.5 MB.

Unloading 9 unused Assets to reduce memory usage. Loaded Objects now: 1700.
Total: 2.307800 ms (FindLiveObjects: 0.199600 ms CreateObjectMapping: 0.029700 ms MarkObjects: 1.808000 ms  DeleteObjects: 0.268700 ms)

========================================================================
Received Prepare
Registering precompiled user dll's ...
Registered in 0.000649 seconds.
Begin MonoManager ReloadAssembly
Native extension for WindowsStandalone target not found
Native extension for WebGL target not found
Refreshing native plugins compatible for Editor in 0.24 ms, found 0 plugins.
Preloading 0 native plugins for Editor in 0.00 ms.
Mono: successfully reloaded assembly
- Completed reload, in  0.639 seconds
Platform modules already initialized, skipping
Refreshing native plugins compatible for Editor in 0.25 ms, found 0 plugins.
Preloading 0 native plugins for Editor in 0.00 ms.
Unloading 1119 Unused Serialized files (Serialized files now loaded: 0)
System memory in use before: 61.8 MB.
System memory in use after: 61.5 MB.

Unloading 9 unused Assets to reduce memory usage. Loaded Objects now: 1703.
Total: 2.020800 ms (FindLiveObjects: 0.199000 ms CreateObjectMapping: 0.026600 ms MarkObjects: 1.515700 ms  DeleteObjects: 0.278200 ms)

========================================================================
Received Prepare
Registering precompiled user dll's ...
Registered in 0.001005 seconds.
Begin MonoManager ReloadAssembly
Native extension for WindowsStandalone target not found
Native extension for WebGL target not found
Refreshing native plugins compatible for Editor in 0.29 ms, found 0 plugins.
Preloading 0 native plugins for Editor in 0.00 ms.
Mono: successfully reloaded assembly
- Completed reload, in  0.801 seconds
Platform modules already initialized, skipping
Refreshing native plugins compatible for Editor in 0.28 ms, found 0 plugins.
Preloading 0 native plugins for Editor in 0.00 ms.
Unloading 1119 Unused Serialized files (Serialized files now loaded: 0)
System memory in use before: 61.7 MB.
System memory in use after: 61.5 MB.

Unloading 9 unused Assets to reduce memory usage. Loaded Objects now: 1706.
Total: 2.296200 ms (FindLiveObjects: 0.267000 ms CreateObjectMapping: 0.031400 ms MarkObjects: 1.687600 ms  DeleteObjects: 0.309400 ms)

========================================================================
Received Import Request.
  Time since last request: 457.317324 seconds.
  path: Assets/Resources
  artifactKey: Guid(5c1b4e85b84becc41b2dcc01c0b12db7) Importer(815301076,1909f56bfc062723c751e8b465ee728b)
Start importing Assets/Resources using Guid(5c1b4e85b84becc41b2dcc01c0b12db7) Importer(815301076,1909f56bfc062723c751e8b465ee728b)  -> (artifact id: '13e526c0035837fb1607d526bfbe5de2') in 0.009745 seconds
  Import took 0.026072 seconds .

========================================================================
Received Prepare
Registering precompiled user dll's ...
Registered in 0.000541 seconds.
Begin MonoManager ReloadAssembly
Native extension for WindowsStandalone target not found
Native extension for WebGL target not found
Refreshing native plugins compatible for Editor in 0.24 ms, found 0 plugins.
Preloading 0 native plugins for Editor in 0.00 ms.
Mono: successfully reloaded assembly
- Completed reload, in  0.633 seconds
Platform modules already initialized, skipping
Refreshing native plugins compatible for Editor in 0.25 ms, found 0 plugins.
Preloading 0 native plugins for Editor in 0.00 ms.
Unloading 1119 Unused Serialized files (Serialized files now loaded: 0)
System memory in use before: 61.8 MB.
System memory in use after: 61.6 MB.

Unloading 9 unused Assets to reduce memory usage. Loaded Objects now: 1709.
Total: 1.896800 ms (FindLiveObjects: 0.194600 ms CreateObjectMapping: 0.034100 ms MarkObjects: 1.367700 ms  DeleteObjects: 0.298800 ms)

========================================================================
Received Prepare
Registering precompiled user dll's ...
Registered in 0.000651 seconds.
Begin MonoManager ReloadAssembly
Native extension for WindowsStandalone target not found
Native extension for WebGL target not found
Refreshing native plugins compatible for Editor in 0.24 ms, found 0 plugins.
Preloading 0 native plugins for Editor in 0.00 ms.
Mono: successfully reloaded assembly
- Completed reload, in  0.649 seconds
Platform modules already initialized, skipping
Refreshing native plugins compatible for Editor in 0.26 ms, found 0 plugins.
Preloading 0 native plugins for Editor in 0.00 ms.
Unloading 1119 Unused Serialized files (Serialized files now loaded: 0)
System memory in use before: 61.7 MB.
System memory in use after: 61.6 MB.

Unloading 9 unused Assets to reduce memory usage. Loaded Objects now: 1712.
Total: 2.333200 ms (FindLiveObjects: 0.224500 ms CreateObjectMapping: 0.026600 ms MarkObjects: 1.801000 ms  DeleteObjects: 0.279800 ms)

========================================================================
Received Prepare
Registering precompiled user dll's ...
Registered in 0.000508 seconds.
Begin MonoManager ReloadAssembly
Native extension for WindowsStandalone target not found
Native extension for WebGL target not found
Refreshing native plugins compatible for Editor in 0.24 ms, found 0 plugins.
Preloading 0 native plugins for Editor in 0.00 ms.
Mono: successfully reloaded assembly
- Completed reload, in  0.637 seconds
Platform modules already initialized, skipping
Refreshing native plugins compatible for Editor in 0.25 ms, found 0 plugins.
Preloading 0 native plugins for Editor in 0.00 ms.
Unloading 1119 Unused Serialized files (Serialized files now loaded: 0)
System memory in use before: 61.8 MB.
System memory in use after: 61.6 MB.

Unloading 9 unused Assets to reduce memory usage. Loaded Objects now: 1715.
Total: 1.897500 ms (FindLiveObjects: 0.192800 ms CreateObjectMapping: 0.028200 ms MarkObjects: 1.405100 ms  DeleteObjects: 0.270800 ms)

========================================================================
Received Import Request.
  Time since last request: 970.402915 seconds.
  path: Assets/Resources/test.mat
  artifactKey: Guid(171febf5dd6dcfb43971696164138858) Importer(815301076,1909f56bfc062723c751e8b465ee728b)
Start importing Assets/Resources/test.mat using Guid(171febf5dd6dcfb43971696164138858) Importer(815301076,1909f56bfc062723c751e8b465ee728b)  -> (artifact id: '7d54b490d51304a5472659c990f48468') in 0.057940 seconds
  Import took 0.060318 seconds .

========================================================================
Received Prepare
Registering precompiled user dll's ...
Registered in 0.000562 seconds.
Begin MonoManager ReloadAssembly
Native extension for WindowsStandalone target not found
Native extension for WebGL target not found
Refreshing native plugins compatible for Editor in 0.24 ms, found 0 plugins.
Preloading 0 native plugins for Editor in 0.00 ms.
Mono: successfully reloaded assembly
- Completed reload, in  0.639 seconds
Platform modules already initialized, skipping
Refreshing native plugins compatible for Editor in 0.24 ms, found 0 plugins.
Preloading 0 native plugins for Editor in 0.00 ms.
Unloading 1119 Unused Serialized files (Serialized files now loaded: 0)
System memory in use before: 61.8 MB.
System memory in use after: 61.6 MB.

Unloading 9 unused Assets to reduce memory usage. Loaded Objects now: 1719.
Total: 2.013700 ms (FindLiveObjects: 0.173700 ms CreateObjectMapping: 0.031400 ms MarkObjects: 1.570800 ms  DeleteObjects: 0.237000 ms)

========================================================================
Received Prepare
Registering precompiled user dll's ...
Registered in 0.000542 seconds.
Begin MonoManager ReloadAssembly
Native extension for WindowsStandalone target not found
Native extension for WebGL target not found
Refreshing native plugins compatible for Editor in 0.24 ms, found 0 plugins.
Preloading 0 native plugins for Editor in 0.00 ms.
Mono: successfully reloaded assembly
- Completed reload, in  0.634 seconds
Platform modules already initialized, skipping
Refreshing native plugins compatible for Editor in 0.24 ms, found 0 plugins.
Preloading 0 native plugins for Editor in 0.00 ms.
Unloading 1119 Unused Serialized files (Serialized files now loaded: 0)
System memory in use before: 61.8 MB.
System memory in use after: 61.6 MB.

Unloading 9 unused Assets to reduce memory usage. Loaded Objects now: 1722.
Total: 2.499200 ms (FindLiveObjects: 0.223300 ms CreateObjectMapping: 0.045600 ms MarkObjects: 1.921200 ms  DeleteObjects: 0.308100 ms)

========================================================================
Received Prepare
Registering precompiled user dll's ...
Registered in 0.000561 seconds.
Begin MonoManager ReloadAssembly
Native extension for WindowsStandalone target not found
Native extension for WebGL target not found
Refreshing native plugins compatible for Editor in 0.24 ms, found 0 plugins.
Preloading 0 native plugins for Editor in 0.00 ms.
Mono: successfully reloaded assembly
- Completed reload, in  0.669 seconds
Platform modules already initialized, skipping
Refreshing native plugins compatible for Editor in 0.25 ms, found 0 plugins.
Preloading 0 native plugins for Editor in 0.00 ms.
Unloading 1119 Unused Serialized files (Serialized files now loaded: 0)
System memory in use before: 61.8 MB.
System memory in use after: 61.6 MB.

Unloading 9 unused Assets to reduce memory usage. Loaded Objects now: 1725.
Total: 2.041300 ms (FindLiveObjects: 0.195200 ms CreateObjectMapping: 0.026400 ms MarkObjects: 1.561400 ms  DeleteObjects: 0.256900 ms)

========================================================================
Received Prepare
Registering precompiled user dll's ...
Registered in 0.000699 seconds.
Begin MonoManager ReloadAssembly
Native extension for WindowsStandalone target not found
Native extension for WebGL target not found
Refreshing native plugins compatible for Editor in 0.32 ms, found 0 plugins.
Preloading 0 native plugins for Editor in 0.00 ms.
Mono: successfully reloaded assembly
- Completed reload, in  0.732 seconds
Platform modules already initialized, skipping
Refreshing native plugins compatible for Editor in 0.25 ms, found 0 plugins.
Preloading 0 native plugins for Editor in 0.00 ms.
Unloading 1119 Unused Serialized files (Serialized files now loaded: 0)
System memory in use before: 61.8 MB.
System memory in use after: 61.6 MB.

Unloading 9 unused Assets to reduce memory usage. Loaded Objects now: 1728.
Total: 2.364100 ms (FindLiveObjects: 0.276100 ms CreateObjectMapping: 0.046800 ms MarkObjects: 1.768000 ms  DeleteObjects: 0.271400 ms)

========================================================================
Received Prepare
Registering precompiled user dll's ...
Registered in 0.000598 seconds.
Begin MonoManager ReloadAssembly
Native extension for WindowsStandalone target not found
Native extension for WebGL target not found
Refreshing native plugins compatible for Editor in 0.24 ms, found 0 plugins.
Preloading 0 native plugins for Editor in 0.00 ms.
Mono: successfully reloaded assembly
- Completed reload, in  0.659 seconds
Platform modules already initialized, skipping
Refreshing native plugins compatible for Editor in 0.25 ms, found 0 plugins.
Preloading 0 native plugins for Editor in 0.00 ms.
Unloading 1119 Unused Serialized files (Serialized files now loaded: 0)
System memory in use before: 61.8 MB.
System memory in use after: 61.6 MB.

Unloading 9 unused Assets to reduce memory usage. Loaded Objects now: 1731.
Total: 1.994600 ms (FindLiveObjects: 0.171400 ms CreateObjectMapping: 0.030200 ms MarkObjects: 1.520700 ms  DeleteObjects: 0.271500 ms)

========================================================================
Received Prepare
Registering precompiled user dll's ...
Registered in 0.000635 seconds.
Begin MonoManager ReloadAssembly
Native extension for WindowsStandalone target not found
Native extension for WebGL target not found
Refreshing native plugins compatible for Editor in 0.25 ms, found 0 plugins.
Preloading 0 native plugins for Editor in 0.00 ms.
Mono: successfully reloaded assembly
- Completed reload, in  0.641 seconds
Platform modules already initialized, skipping
Refreshing native plugins compatible for Editor in 0.24 ms, found 0 plugins.
Preloading 0 native plugins for Editor in 0.00 ms.
Unloading 1119 Unused Serialized files (Serialized files now loaded: 0)
System memory in use before: 61.8 MB.
System memory in use after: 61.6 MB.

Unloading 9 unused Assets to reduce memory usage. Loaded Objects now: 1734.
Total: 1.830100 ms (FindLiveObjects: 0.160600 ms CreateObjectMapping: 0.030000 ms MarkObjects: 1.391100 ms  DeleteObjects: 0.247700 ms)

========================================================================
Received Prepare
Registering precompiled user dll's ...
Registered in 0.000619 seconds.
Begin MonoManager ReloadAssembly
Native extension for WindowsStandalone target not found
Native extension for WebGL target not found
Refreshing native plugins compatible for Editor in 0.26 ms, found 0 plugins.
Preloading 0 native plugins for Editor in 0.00 ms.
Mono: successfully reloaded assembly
- Completed reload, in  0.635 seconds
Platform modules already initialized, skipping
Refreshing native plugins compatible for Editor in 0.25 ms, found 0 plugins.
Preloading 0 native plugins for Editor in 0.00 ms.
Unloading 1119 Unused Serialized files (Serialized files now loaded: 0)
System memory in use before: 61.8 MB.
System memory in use after: 61.6 MB.

Unloading 9 unused Assets to reduce memory usage. Loaded Objects now: 1737.
Total: 2.018800 ms (FindLiveObjects: 0.166000 ms CreateObjectMapping: 0.027100 ms MarkObjects: 1.592100 ms  DeleteObjects: 0.232500 ms)

========================================================================
Received Prepare
Registering precompiled user dll's ...
Registered in 0.000643 seconds.
Begin MonoManager ReloadAssembly
Native extension for WindowsStandalone target not found
Native extension for WebGL target not found
Refreshing native plugins compatible for Editor in 0.24 ms, found 0 plugins.
Preloading 0 native plugins for Editor in 0.00 ms.
Mono: successfully reloaded assembly
- Completed reload, in  0.625 seconds
Platform modules already initialized, skipping
Refreshing native plugins compatible for Editor in 0.25 ms, found 0 plugins.
Preloading 0 native plugins for Editor in 0.00 ms.
Unloading 1119 Unused Serialized files (Serialized files now loaded: 0)
System memory in use before: 61.9 MB.
System memory in use after: 61.6 MB.

Unloading 9 unused Assets to reduce memory usage. Loaded Objects now: 1740.
Total: 2.099900 ms (FindLiveObjects: 0.217500 ms CreateObjectMapping: 0.031200 ms MarkObjects: 1.606100 ms  DeleteObjects: 0.244200 ms)

========================================================================
Received Prepare
Registering precompiled user dll's ...
Registered in 0.000541 seconds.
Begin MonoManager ReloadAssembly
Native extension for WindowsStandalone target not found
Native extension for WebGL target not found
Refreshing native plugins compatible for Editor in 0.25 ms, found 0 plugins.
Preloading 0 native plugins for Editor in 0.00 ms.
Mono: successfully reloaded assembly
- Completed reload, in  0.637 seconds
Platform modules already initialized, skipping
Refreshing native plugins compatible for Editor in 0.24 ms, found 0 plugins.
Preloading 0 native plugins for Editor in 0.00 ms.
Unloading 1119 Unused Serialized files (Serialized files now loaded: 0)
System memory in use before: 61.8 MB.
System memory in use after: 61.6 MB.

Unloading 9 unused Assets to reduce memory usage. Loaded Objects now: 1743.
Total: 1.963900 ms (FindLiveObjects: 0.214400 ms CreateObjectMapping: 0.036200 ms MarkObjects: 1.469000 ms  DeleteObjects: 0.243400 ms)

========================================================================
Received Prepare
Registering precompiled user dll's ...
Registered in 0.000472 seconds.
Begin MonoManager ReloadAssembly
Native extension for WindowsStandalone target not found
Native extension for WebGL target not found
Refreshing native plugins compatible for Editor in 0.25 ms, found 0 plugins.
Preloading 0 native plugins for Editor in 0.00 ms.
Mono: successfully reloaded assembly
- Completed reload, in  0.638 seconds
Platform modules already initialized, skipping
Refreshing native plugins compatible for Editor in 0.24 ms, found 0 plugins.
Preloading 0 native plugins for Editor in 0.00 ms.
Unloading 1119 Unused Serialized files (Serialized files now loaded: 0)
System memory in use before: 61.9 MB.
System memory in use after: 61.6 MB.

Unloading 9 unused Assets to reduce memory usage. Loaded Objects now: 1746.
Total: 2.328100 ms (FindLiveObjects: 0.232800 ms CreateObjectMapping: 0.029700 ms MarkObjects: 1.825400 ms  DeleteObjects: 0.239200 ms)

========================================================================
Received Prepare
Registering precompiled user dll's ...
Registered in 0.000526 seconds.
Begin MonoManager ReloadAssembly
Native extension for WindowsStandalone target not found
Native extension for WebGL target not found
Refreshing native plugins compatible for Editor in 0.25 ms, found 0 plugins.
Preloading 0 native plugins for Editor in 0.00 ms.
Mono: successfully reloaded assembly
- Completed reload, in  0.624 seconds
Platform modules already initialized, skipping
Refreshing native plugins compatible for Editor in 0.26 ms, found 0 plugins.
Preloading 0 native plugins for Editor in 0.00 ms.
Unloading 1119 Unused Serialized files (Serialized files now loaded: 0)
System memory in use before: 61.8 MB.
System memory in use after: 61.6 MB.

Unloading 9 unused Assets to reduce memory usage. Loaded Objects now: 1749.
Total: 1.955300 ms (FindLiveObjects: 0.201300 ms CreateObjectMapping: 0.026500 ms MarkObjects: 1.421500 ms  DeleteObjects: 0.304900 ms)

========================================================================
Received Prepare
Registering precompiled user dll's ...
Registered in 0.000683 seconds.
Begin MonoManager ReloadAssembly
Native extension for WindowsStandalone target not found
Native extension for WebGL target not found
Refreshing native plugins compatible for Editor in 0.24 ms, found 0 plugins.
Preloading 0 native plugins for Editor in 0.00 ms.
Mono: successfully reloaded assembly
- Completed reload, in  0.652 seconds
Platform modules already initialized, skipping
Refreshing native plugins compatible for Editor in 0.27 ms, found 0 plugins.
Preloading 0 native plugins for Editor in 0.00 ms.
Unloading 1119 Unused Serialized files (Serialized files now loaded: 0)
System memory in use before: 61.8 MB.
System memory in use after: 61.7 MB.

Unloading 9 unused Assets to reduce memory usage. Loaded Objects now: 1752.
Total: 1.861400 ms (FindLiveObjects: 0.198100 ms CreateObjectMapping: 0.026800 ms MarkObjects: 1.378600 ms  DeleteObjects: 0.257100 ms)

========================================================================
Received Prepare
Registering precompiled user dll's ...
Registered in 0.000532 seconds.
Begin MonoManager ReloadAssembly
Native extension for WindowsStandalone target not found
Native extension for WebGL target not found
Refreshing native plugins compatible for Editor in 0.24 ms, found 0 plugins.
Preloading 0 native plugins for Editor in 0.00 ms.
Mono: successfully reloaded assembly
- Completed reload, in  0.649 seconds
Platform modules already initialized, skipping
Refreshing native plugins compatible for Editor in 0.27 ms, found 0 plugins.
Preloading 0 native plugins for Editor in 0.00 ms.
Unloading 1119 Unused Serialized files (Serialized files now loaded: 0)
System memory in use before: 61.8 MB.
System memory in use after: 61.7 MB.

Unloading 9 unused Assets to reduce memory usage. Loaded Objects now: 1755.
Total: 2.267900 ms (FindLiveObjects: 0.193800 ms CreateObjectMapping: 0.032200 ms MarkObjects: 1.759500 ms  DeleteObjects: 0.281300 ms)

========================================================================
Received Prepare
Registering precompiled user dll's ...
Registered in 0.000540 seconds.
Begin MonoManager ReloadAssembly
Native extension for WindowsStandalone target not found
Native extension for WebGL target not found
Refreshing native plugins compatible for Editor in 0.24 ms, found 0 plugins.
Preloading 0 native plugins for Editor in 0.00 ms.
Mono: successfully reloaded assembly
- Completed reload, in  0.647 seconds
Platform modules already initialized, skipping
Refreshing native plugins compatible for Editor in 0.26 ms, found 0 plugins.
Preloading 0 native plugins for Editor in 0.00 ms.
Unloading 1119 Unused Serialized files (Serialized files now loaded: 0)
System memory in use before: 61.8 MB.
System memory in use after: 61.7 MB.

Unloading 9 unused Assets to reduce memory usage. Loaded Objects now: 1758.
Total: 2.015800 ms (FindLiveObjects: 0.171300 ms CreateObjectMapping: 0.026800 ms MarkObjects: 1.583800 ms  DeleteObjects: 0.232800 ms)

========================================================================
Received Prepare
Registering precompiled user dll's ...
Registered in 0.000523 seconds.
Begin MonoManager ReloadAssembly
Native extension for WindowsStandalone target not found
Native extension for WebGL target not found
Refreshing native plugins compatible for Editor in 0.25 ms, found 0 plugins.
Preloading 0 native plugins for Editor in 0.00 ms.
Mono: successfully reloaded assembly
- Completed reload, in  0.645 seconds
Platform modules already initialized, skipping
Refreshing native plugins compatible for Editor in 0.26 ms, found 0 plugins.
Preloading 0 native plugins for Editor in 0.00 ms.
Unloading 1119 Unused Serialized files (Serialized files now loaded: 0)
System memory in use before: 61.9 MB.
System memory in use after: 61.7 MB.

Unloading 9 unused Assets to reduce memory usage. Loaded Objects now: 1761.
Total: 1.917500 ms (FindLiveObjects: 0.194000 ms CreateObjectMapping: 0.031300 ms MarkObjects: 1.436400 ms  DeleteObjects: 0.255000 ms)

========================================================================
Received Prepare
Registering precompiled user dll's ...
Registered in 0.000521 seconds.
Begin MonoManager ReloadAssembly
Native extension for WindowsStandalone target not found
Native extension for WebGL target not found
Refreshing native plugins compatible for Editor in 0.24 ms, found 0 plugins.
Preloading 0 native plugins for Editor in 0.00 ms.
Mono: successfully reloaded assembly
- Completed reload, in  0.623 seconds
Platform modules already initialized, skipping
Refreshing native plugins compatible for Editor in 0.24 ms, found 0 plugins.
Preloading 0 native plugins for Editor in 0.00 ms.
Unloading 1119 Unused Serialized files (Serialized files now loaded: 0)
System memory in use before: 61.9 MB.
System memory in use after: 61.7 MB.

Unloading 9 unused Assets to reduce memory usage. Loaded Objects now: 1764.
Total: 2.025100 ms (FindLiveObjects: 0.190700 ms CreateObjectMapping: 0.027900 ms MarkObjects: 1.552200 ms  DeleteObjects: 0.253100 ms)

========================================================================
Received Prepare
Registering precompiled user dll's ...
Registered in 0.000756 seconds.
Begin MonoManager ReloadAssembly
Native extension for WindowsStandalone target not found
Native extension for WebGL target not found
Refreshing native plugins compatible for Editor in 0.25 ms, found 0 plugins.
Preloading 0 native plugins for Editor in 0.00 ms.
Mono: successfully reloaded assembly
- Completed reload, in  0.749 seconds
Platform modules already initialized, skipping
Refreshing native plugins compatible for Editor in 0.24 ms, found 0 plugins.
Preloading 0 native plugins for Editor in 0.00 ms.
Unloading 1119 Unused Serialized files (Serialized files now loaded: 0)
System memory in use before: 61.9 MB.
System memory in use after: 61.7 MB.

Unloading 9 unused Assets to reduce memory usage. Loaded Objects now: 1767.
Total: 2.142300 ms (FindLiveObjects: 0.192200 ms CreateObjectMapping: 0.026600 ms MarkObjects: 1.678500 ms  DeleteObjects: 0.244200 ms)

========================================================================
Received Prepare
Registering precompiled user dll's ...
Registered in 0.000551 seconds.
Begin MonoManager ReloadAssembly
Native extension for WindowsStandalone target not found
Native extension for WebGL target not found
Refreshing native plugins compatible for Editor in 0.25 ms, found 0 plugins.
Preloading 0 native plugins for Editor in 0.00 ms.
Mono: successfully reloaded assembly
- Completed reload, in  0.640 seconds
Platform modules already initialized, skipping
Refreshing native plugins compatible for Editor in 0.24 ms, found 0 plugins.
Preloading 0 native plugins for Editor in 0.00 ms.
Unloading 1119 Unused Serialized files (Serialized files now loaded: 0)
System memory in use before: 61.9 MB.
System memory in use after: 61.7 MB.

Unloading 9 unused Assets to reduce memory usage. Loaded Objects now: 1770.
Total: 2.117800 ms (FindLiveObjects: 0.203700 ms CreateObjectMapping: 0.030300 ms MarkObjects: 1.624900 ms  DeleteObjects: 0.257700 ms)

========================================================================
Received Prepare
Registering precompiled user dll's ...
Registered in 0.000496 seconds.
Begin MonoManager ReloadAssembly
Native extension for WindowsStandalone target not found
Native extension for WebGL target not found
Refreshing native plugins compatible for Editor in 0.24 ms, found 0 plugins.
Preloading 0 native plugins for Editor in 0.00 ms.
Mono: successfully reloaded assembly
- Completed reload, in  0.626 seconds
Platform modules already initialized, skipping
Refreshing native plugins compatible for Editor in 0.25 ms, found 0 plugins.
Preloading 0 native plugins for Editor in 0.00 ms.
Unloading 1119 Unused Serialized files (Serialized files now loaded: 0)
System memory in use before: 61.9 MB.
System memory in use after: 61.7 MB.

Unloading 9 unused Assets to reduce memory usage. Loaded Objects now: 1773.
Total: 1.975100 ms (FindLiveObjects: 0.198600 ms CreateObjectMapping: 0.031000 ms MarkObjects: 1.493600 ms  DeleteObjects: 0.250800 ms)

========================================================================
Received Prepare
Registering precompiled user dll's ...
Registered in 0.000665 seconds.
Begin MonoManager ReloadAssembly
Native extension for WindowsStandalone target not found
Native extension for WebGL target not found
Refreshing native plugins compatible for Editor in 0.24 ms, found 0 plugins.
Preloading 0 native plugins for Editor in 0.00 ms.
Mono: successfully reloaded assembly
- Completed reload, in  0.641 seconds
Platform modules already initialized, skipping
Refreshing native plugins compatible for Editor in 0.24 ms, found 0 plugins.
Preloading 0 native plugins for Editor in 0.00 ms.
Unloading 1119 Unused Serialized files (Serialized files now loaded: 0)
System memory in use before: 61.9 MB.
System memory in use after: 61.7 MB.

Unloading 9 unused Assets to reduce memory usage. Loaded Objects now: 1776.
Total: 2.032000 ms (FindLiveObjects: 0.210800 ms CreateObjectMapping: 0.032700 ms MarkObjects: 1.517500 ms  DeleteObjects: 0.270100 ms)

========================================================================
Received Prepare
Registering precompiled user dll's ...
Registered in 0.000581 seconds.
Begin MonoManager ReloadAssembly
Native extension for WindowsStandalone target not found
Native extension for WebGL target not found
Refreshing native plugins compatible for Editor in 0.29 ms, found 0 plugins.
Preloading 0 native plugins for Editor in 0.00 ms.
Mono: successfully reloaded assembly
- Completed reload, in  0.747 seconds
Platform modules already initialized, skipping
Refreshing native plugins compatible for Editor in 0.27 ms, found 0 plugins.
Preloading 0 native plugins for Editor in 0.00 ms.
Unloading 1119 Unused Serialized files (Serialized files now loaded: 0)
System memory in use before: 61.9 MB.
System memory in use after: 61.7 MB.

Unloading 9 unused Assets to reduce memory usage. Loaded Objects now: 1779.
Total: 2.045900 ms (FindLiveObjects: 0.236200 ms CreateObjectMapping: 0.029100 ms MarkObjects: 1.528100 ms  DeleteObjects: 0.251200 ms)

========================================================================
Received Prepare
Registering precompiled user dll's ...
Registered in 0.001005 seconds.
Begin MonoManager ReloadAssembly
Native extension for WindowsStandalone target not found
Native extension for WebGL target not found
Refreshing native plugins compatible for Editor in 0.26 ms, found 0 plugins.
Preloading 0 native plugins for Editor in 0.00 ms.
Mono: successfully reloaded assembly
- Completed reload, in  0.809 seconds
Platform modules already initialized, skipping
Refreshing native plugins compatible for Editor in 0.25 ms, found 0 plugins.
Preloading 0 native plugins for Editor in 0.00 ms.
Unloading 1119 Unused Serialized files (Serialized files now loaded: 0)
System memory in use before: 61.9 MB.
System memory in use after: 61.7 MB.

Unloading 9 unused Assets to reduce memory usage. Loaded Objects now: 1782.
Total: 3.129000 ms (FindLiveObjects: 0.201200 ms CreateObjectMapping: 0.028300 ms MarkObjects: 2.512100 ms  DeleteObjects: 0.384900 ms)

========================================================================
Received Prepare
Registering precompiled user dll's ...
Registered in 0.000589 seconds.
Begin MonoManager ReloadAssembly
Native extension for WindowsStandalone target not found
Native extension for WebGL target not found
Refreshing native plugins compatible for Editor in 0.26 ms, found 0 plugins.
Preloading 0 native plugins for Editor in 0.00 ms.
Mono: successfully reloaded assembly
- Completed reload, in  0.670 seconds
Platform modules already initialized, skipping
Refreshing native plugins compatible for Editor in 0.25 ms, found 0 plugins.
Preloading 0 native plugins for Editor in 0.00 ms.
Unloading 1119 Unused Serialized files (Serialized files now loaded: 0)
System memory in use before: 61.9 MB.
System memory in use after: 61.7 MB.

Unloading 9 unused Assets to reduce memory usage. Loaded Objects now: 1785.
Total: 2.155500 ms (FindLiveObjects: 0.203600 ms CreateObjectMapping: 0.026400 ms MarkObjects: 1.630000 ms  DeleteObjects: 0.294600 ms)

========================================================================
Received Prepare
Registering precompiled user dll's ...
Registered in 0.000637 seconds.
Begin MonoManager ReloadAssembly
Native extension for WindowsStandalone target not found
Native extension for WebGL target not found
Refreshing native plugins compatible for Editor in 0.31 ms, found 0 plugins.
Preloading 0 native plugins for Editor in 0.00 ms.
Mono: successfully reloaded assembly
- Completed reload, in  0.744 seconds
Platform modules already initialized, skipping
Refreshing native plugins compatible for Editor in 0.31 ms, found 0 plugins.
Preloading 0 native plugins for Editor in 0.00 ms.
Unloading 1119 Unused Serialized files (Serialized files now loaded: 0)
System memory in use before: 61.9 MB.
System memory in use after: 61.7 MB.

Unloading 9 unused Assets to reduce memory usage. Loaded Objects now: 1788.
Total: 3.269400 ms (FindLiveObjects: 0.683100 ms CreateObjectMapping: 0.066700 ms MarkObjects: 2.256300 ms  DeleteObjects: 0.260800 ms)

========================================================================
Received Prepare
Registering precompiled user dll's ...
Registered in 0.000663 seconds.
Begin MonoManager ReloadAssembly
Native extension for WindowsStandalone target not found
Native extension for WebGL target not found
Refreshing native plugins compatible for Editor in 0.24 ms, found 0 plugins.
Preloading 0 native plugins for Editor in 0.00 ms.
Mono: successfully reloaded assembly
- Completed reload, in  0.650 seconds
Platform modules already initialized, skipping
Refreshing native plugins compatible for Editor in 0.25 ms, found 0 plugins.
Preloading 0 native plugins for Editor in 0.00 ms.
Unloading 1119 Unused Serialized files (Serialized files now loaded: 0)
System memory in use before: 61.9 MB.
System memory in use after: 61.7 MB.

Unloading 9 unused Assets to reduce memory usage. Loaded Objects now: 1791.
Total: 2.008600 ms (FindLiveObjects: 0.247300 ms CreateObjectMapping: 0.030500 ms MarkObjects: 1.474900 ms  DeleteObjects: 0.254400 ms)

========================================================================
Received Import Request.
  Time since last request: 352184.613224 seconds.
  path: Assets/Scenes
  artifactKey: Guid(dc903690d8fe28f4783a3f1d56c0da07) Importer(815301076,1909f56bfc062723c751e8b465ee728b)
Start importing Assets/Scenes using Guid(dc903690d8fe28f4783a3f1d56c0da07) Importer(815301076,1909f56bfc062723c751e8b465ee728b)  -> (artifact id: 'b079aa7fe0f7f4479c24105366efc780') in 0.050472 seconds
  Import took 0.089450 seconds .

========================================================================
Received Import Request.
  Time since last request: 131940.423330 seconds.
  path: Assets/DistanceCal.shader
  artifactKey: Guid(1b6f9a5ceff7ac241b9b4807fb2d7b11) Importer(815301076,1909f56bfc062723c751e8b465ee728b)
Start importing Assets/DistanceCal.shader using Guid(1b6f9a5ceff7ac241b9b4807fb2d7b11) Importer(815301076,1909f56bfc062723c751e8b465ee728b)  -> (artifact id: '8cce4583d89bff97c752ddaff30f7b5f') in 0.070526 seconds
  Import took 0.089292 seconds .

========================================================================
Received Prepare
Registering precompiled user dll's ...
Registered in 0.000680 seconds.
Begin MonoManager ReloadAssembly
Native extension for WindowsStandalone target not found
Native extension for WebGL target not found
Refreshing native plugins compatible for Editor in 0.25 ms, found 0 plugins.
Preloading 0 native plugins for Editor in 0.00 ms.
Mono: successfully reloaded assembly
- Completed reload, in  0.749 seconds
Platform modules already initialized, skipping
Refreshing native plugins compatible for Editor in 0.28 ms, found 0 plugins.
Preloading 0 native plugins for Editor in 0.00 ms.
Unloading 1119 Unused Serialized files (Serialized files now loaded: 0)
System memory in use before: 62.0 MB.
System memory in use after: 61.7 MB.

Unloading 9 unused Assets to reduce memory usage. Loaded Objects now: 1794.
Total: 2.350100 ms (FindLiveObjects: 0.228800 ms CreateObjectMapping: 0.034000 ms MarkObjects: 1.771300 ms  DeleteObjects: 0.313600 ms)

AssetImportWorkerClient::OnTransportError - code=2 error=End of file
